# JRE version: OpenJDK Runtime Environment (21.0.8) (build 21.0.8+-14196175-b1038.72)
# Java VM: OpenJDK 64-Bit Server VM (21.0.8+-14196175-b1038.72, mixed mode, tiered, compressed oops, compressed class ptrs, g1 gc, windows-amd64)
GC Precious Log:
 CardTable entry size: 512
 Card Set container configuration: InlinePtr #cards 4 size 8 Array Of Cards #cards 16 size 48 Howl #buckets 8 coarsen threshold 3686 Howl Bitmap #cards 512 size 80 coarsen threshold 460 Card regions per heap region 1 cards per card region 4096
 CPUs: 12 total, 12 available
 Memory: 16307M
 Large Page Support: Disabled
 NUMA Support: Disabled
 Compressed Oops: Enabled (Zero based)
 Heap Region Size: 2M
 Heap Min Capacity: 8M
 Heap Initial Capacity: 256M
 Heap Max Capacity: 4078M
 Pre-touch: Disabled
 Parallel Workers: 10
 Concurrent Workers: 3
 Concurrent Refinement Workers: 10
 Periodic GC: Disabled
Heap:
 garbage-first heap   total 184320K, used 119386K [0x0000000701200000, 0x0000000800000000)
  region size 2048K, 3 young (6144K), 3 survivors (6144K)
 Metaspace       used 62301K, committed 62592K, reserved 1114112K
  class space    used 7166K, committed 7296K, reserved 1048576K
GC Heap History (20 events):
Event: 7.384 GC heap after
{Heap after GC invocations=14 (full 0):
 garbage-first heap   total 102400K, used 48646K [0x0000000701200000, 0x0000000800000000)
  region size 2048K, 4 young (8192K), 4 survivors (8192K)
 Metaspace       used 53317K, committed 53568K, reserved 1114112K
  class space    used 6311K, committed 6464K, reserved 1048576K
}
Event: 7.847 GC heap before
{Heap before GC invocations=14 (full 0):
 garbage-first heap   total 102400K, used 81414K [0x0000000701200000, 0x0000000800000000)
  region size 2048K, 20 young (40960K), 4 survivors (8192K)
 Metaspace       used 56391K, committed 56640K, reserved 1114112K
  class space    used 6669K, committed 6784K, reserved 1048576K
}
Event: 7.864 GC heap after
{Heap after GC invocations=15 (full 0):
 garbage-first heap   total 102400K, used 56314K [0x0000000701200000, 0x0000000800000000)
  region size 2048K, 3 young (6144K), 3 survivors (6144K)
 Metaspace       used 56391K, committed 56640K, reserved 1114112K
  class space    used 6669K, committed 6784K, reserved 1048576K
}
Event: 8.059 GC heap before
{Heap before GC invocations=15 (full 0):
 garbage-first heap   total 102400K, used 82938K [0x0000000701200000, 0x0000000800000000)
  region size 2048K, 16 young (32768K), 3 survivors (6144K)
 Metaspace       used 57571K, committed 57856K, reserved 1114112K
  class space    used 6783K, committed 6912K, reserved 1048576K
}
Event: 8.072 GC heap after
{Heap after GC invocations=16 (full 0):
 garbage-first heap   total 102400K, used 64400K [0x0000000701200000, 0x0000000800000000)
  region size 2048K, 2 young (4096K), 2 survivors (4096K)
 Metaspace       used 57571K, committed 57856K, reserved 1114112K
  class space    used 6783K, committed 6912K, reserved 1048576K
}
Event: 8.519 GC heap before
{Heap before GC invocations=17 (full 0):
 garbage-first heap   total 110592K, used 84880K [0x0000000701200000, 0x0000000800000000)
  region size 2048K, 12 young (24576K), 2 survivors (4096K)
 Metaspace       used 59324K, committed 59648K, reserved 1114112K
  class space    used 7013K, committed 7168K, reserved 1048576K
}
Event: 8.529 GC heap after
{Heap after GC invocations=18 (full 0):
 garbage-first heap   total 110592K, used 69216K [0x0000000701200000, 0x0000000800000000)
  region size 2048K, 2 young (4096K), 2 survivors (4096K)
 Metaspace       used 59324K, committed 59648K, reserved 1114112K
  class space    used 7013K, committed 7168K, reserved 1048576K
}
Event: 8.974 GC heap before
{Heap before GC invocations=18 (full 0):
 garbage-first heap   total 110592K, used 93792K [0x0000000701200000, 0x0000000800000000)
  region size 2048K, 14 young (28672K), 2 survivors (4096K)
 Metaspace       used 60448K, committed 60736K, reserved 1114112K
  class space    used 7086K, committed 7232K, reserved 1048576K
}
Event: 8.988 GC heap after
{Heap after GC invocations=19 (full 0):
 garbage-first heap   total 153600K, used 72700K [0x0000000701200000, 0x0000000800000000)
  region size 2048K, 2 young (4096K), 2 survivors (4096K)
 Metaspace       used 60448K, committed 60736K, reserved 1114112K
  class space    used 7086K, committed 7232K, reserved 1048576K
}
Event: 10.079 GC heap before
{Heap before GC invocations=19 (full 0):
 garbage-first heap   total 153600K, used 123900K [0x0000000701200000, 0x0000000800000000)
  region size 2048K, 27 young (55296K), 2 survivors (4096K)
 Metaspace       used 61512K, committed 61824K, reserved 1114112K
  class space    used 7145K, committed 7296K, reserved 1048576K
}
Event: 10.093 GC heap after
{Heap after GC invocations=20 (full 0):
 garbage-first heap   total 153600K, used 83918K [0x0000000701200000, 0x0000000800000000)
  region size 2048K, 4 young (8192K), 4 survivors (8192K)
 Metaspace       used 61512K, committed 61824K, reserved 1114112K
  class space    used 7145K, committed 7296K, reserved 1048576K
}
Event: 10.533 GC heap before
{Heap before GC invocations=21 (full 0):
 garbage-first heap   total 153600K, used 128974K [0x0000000701200000, 0x0000000800000000)
  region size 2048K, 26 young (53248K), 4 survivors (8192K)
 Metaspace       used 61672K, committed 62016K, reserved 1114112K
  class space    used 7149K, committed 7296K, reserved 1048576K
}
Event: 10.545 GC heap after
{Heap after GC invocations=22 (full 0):
 garbage-first heap   total 153600K, used 94117K [0x0000000701200000, 0x0000000800000000)
  region size 2048K, 4 young (8192K), 4 survivors (8192K)
 Metaspace       used 61672K, committed 62016K, reserved 1114112K
  class space    used 7149K, committed 7296K, reserved 1048576K
}
Event: 10.609 GC heap before
{Heap before GC invocations=22 (full 0):
 garbage-first heap   total 153600K, used 130981K [0x0000000701200000, 0x0000000800000000)
  region size 2048K, 22 young (45056K), 4 survivors (8192K)
 Metaspace       used 61672K, committed 62016K, reserved 1114112K
  class space    used 7149K, committed 7296K, reserved 1048576K
}
Event: 10.618 GC heap after
{Heap after GC invocations=23 (full 0):
 garbage-first heap   total 153600K, used 101933K [0x0000000701200000, 0x0000000800000000)
  region size 2048K, 3 young (6144K), 3 survivors (6144K)
 Metaspace       used 61672K, committed 62016K, reserved 1114112K
  class space    used 7149K, committed 7296K, reserved 1048576K
}
Event: 10.686 GC heap before
{Heap before GC invocations=23 (full 0):
 garbage-first heap   total 153600K, used 132653K [0x0000000701200000, 0x0000000800000000)
  region size 2048K, 18 young (36864K), 3 survivors (6144K)
 Metaspace       used 61672K, committed 62016K, reserved 1114112K
  class space    used 7149K, committed 7296K, reserved 1048576K
}
Event: 10.692 GC heap after
{Heap after GC invocations=24 (full 0):
 garbage-first heap   total 153600K, used 110115K [0x0000000701200000, 0x0000000800000000)
  region size 2048K, 3 young (6144K), 3 survivors (6144K)
 Metaspace       used 61672K, committed 62016K, reserved 1114112K
  class space    used 7149K, committed 7296K, reserved 1048576K
}
Event: 11.128 GC heap before
{Heap before GC invocations=25 (full 0):
 garbage-first heap   total 184320K, used 136739K [0x0000000701200000, 0x0000000800000000)
  region size 2048K, 16 young (32768K), 3 survivors (6144K)
 Metaspace       used 61918K, committed 62208K, reserved 1114112K
  class space    used 7156K, committed 7296K, reserved 1048576K
}
Event: 11.134 GC heap after
{Heap after GC invocations=26 (full 0):
 garbage-first heap   total 184320K, used 116365K [0x0000000701200000, 0x0000000800000000)
  region size 2048K, 2 young (4096K), 2 survivors (4096K)
 Metaspace       used 61918K, committed 62208K, reserved 1114112K
  class space    used 7156K, committed 7296K, reserved 1048576K
}
Event: 11.818 GC heap before
{Heap before GC invocations=26 (full 0):
 garbage-first heap   total 184320K, used 159373K [0x0000000701200000, 0x0000000800000000)
  region size 2048K, 23 young (47104K), 2 survivors (4096K)
 Metaspace       used 62301K, committed 62592K, reserved 1114112K
  class space    used 7166K, committed 7296K, reserved 1048576K
}

